0 info it worked if it ends with ok
1 verbose cli [ 'C:\\Program Files\\nodejs\\node.exe',
1 verbose cli   'C:\\Program Files\\nodejs\\node_modules\\npm\\bin\\npm-cli.js',
1 verbose cli   'install',
1 verbose cli   'store',
1 verbose cli   '--save' ]
2 info using npm@3.10.10
3 info using node@v6.9.4
4 silly loadCurrentTree Starting
5 silly install loadCurrentTree
6 silly install readLocalPackageData
7 silly fetchPackageMetaData store@^1.3.20
8 silly fetchNamedPackageData store
9 silly mapToRegistry name store
10 silly mapToRegistry using default registry
11 silly mapToRegistry registry https://registry.npmjs.org/
12 silly mapToRegistry data Result {
12 silly mapToRegistry   raw: 'store',
12 silly mapToRegistry   scope: null,
12 silly mapToRegistry   escapedName: 'store',
12 silly mapToRegistry   name: 'store',
12 silly mapToRegistry   rawSpec: '',
12 silly mapToRegistry   spec: 'latest',
12 silly mapToRegistry   type: 'tag' }
13 silly mapToRegistry uri https://registry.npmjs.org/store
14 verbose request uri https://registry.npmjs.org/store
15 verbose request no auth needed
16 info attempt registry request try #1 at 10:59:15
17 verbose request id d4290fbe2f0f1c00
18 http request GET https://registry.npmjs.org/store
19 verbose stack Error: kill ENOSYS
19 verbose stack     at exports._errnoException (util.js:1022:11)
19 verbose stack     at process.kill (internal/process.js:172:13)
19 verbose stack     at process.listener (C:\Program Files\nodejs\node_modules\npm\node_modules\npmlog\node_modules\gauge\node_modules\signal-exit\index.js:86:15)
19 verbose stack     at emitNone (events.js:91:20)
19 verbose stack     at process.emit (events.js:185:7)
19 verbose stack     at processEmit (C:\Program Files\nodejs\node_modules\npm\node_modules\npmlog\node_modules\gauge\node_modules\signal-exit\index.js:146:32)
19 verbose stack     at processEmit (C:\Program Files\nodejs\node_modules\npm\node_modules\npm-registry-client\node_modules\npmlog\node_modules\gauge\node_modules\signal-exit\index.js:146:32)
19 verbose stack     at Signal.wrap.onsignal (internal/process.js:199:44)
20 verbose cwd C:\Users\xid01378\WebstormProjects\ChrisWenFir\a0hy4h
21 error Windows_NT 6.1.7601
22 error argv "C:\\Program Files\\nodejs\\node.exe" "C:\\Program Files\\nodejs\\node_modules\\npm\\bin\\npm-cli.js" "install" "store" "--save"
23 error node v6.9.4
24 error npm  v3.10.10
25 error code ENOSYS
26 error errno ENOSYS
27 error syscall kill
28 error kill ENOSYS
29 error If you need help, you may report this error at:
29 error     <https://github.com/npm/npm/issues>
30 verbose exit [ 1, true ]
